[themewagon.github.io/sensive/index.html]
[backblue.gif]
[fade.gif]
[index.html]
[themewagon.github.io/sensive/img/Fevicon.png]
[themewagon.github.io/sensive/vendors/bootstrap/bootstrap.min.css]
[themewagon.github.io/sensive/vendors/fontawesome/css/all.min.css]
[themewagon.github.io/sensive/vendors/themify-icons/themify-icons.css]
[themewagon.github.io/sensive/vendors/linericon/style.css]
[themewagon.github.io/sensive/vendors/owl-carousel/owl.theme.default.min.css]
[themewagon.github.io/sensive/vendors/owl-carousel/owl.carousel.min.css]
[themewagon.github.io/sensive/css/style.css]
[themewagon.github.io/sensive/index-2.html]
[themewagon.github.io/sensive/img/logo.png]
[themewagon.github.io/sensive/archive.html]
[themewagon.github.io/sensive/category.html]
[themewagon.github.io/sensive/blog-details.html]
[themewagon.github.io/sensive/contact.html]
[themewagon.github.io/sensive/img/blog/blog-slider/blog-slide1.png]
[themewagon.github.io/sensive/img/blog/blog-slider/blog-slide2.png]
[themewagon.github.io/sensive/img/blog/blog-slider/blog-slide3.png]
[themewagon.github.io/sensive/img/blog/blog1.png]
[themewagon.github.io/sensive/blog-single.html]
[themewagon.github.io/sensive/img/blog/blog2.png]
[themewagon.github.io/sensive/img/blog/blog3.png]
[themewagon.github.io/sensive/img/blog/blog4.png]
[themewagon.github.io/sensive/img/blog/thumb/thumb1.png]
[themewagon.github.io/sensive/img/blog/thumb/thumb2.png]
[themewagon.github.io/sensive/img/blog/thumb/thumb3.png]
[themewagon.github.io/sensive/img/instagram/i1.jpg]
[themewagon.github.io/sensive/img/instagram/i2.jpg]
[themewagon.github.io/sensive/img/instagram/i3.jpg]
[themewagon.github.io/sensive/img/instagram/i4.jpg]
[themewagon.github.io/sensive/img/instagram/i5.jpg]
[themewagon.github.io/sensive/img/instagram/i6.jpg]
[themewagon.github.io/sensive/img/instagram/i7.jpg]
[themewagon.github.io/sensive/img/instagram/i8.jpg]
[themewagon.github.io/sensive/vendors/jquery/jquery-3.2.1.min.js]
[themewagon.github.io/sensive/vendors/bootstrap/bootstrap.bundle.min.js]
[themewagon.github.io/sensive/vendors/owl-carousel/owl.carousel.min.js]
[themewagon.github.io/sensive/js/jquery.ajaxchimp.min.js]
[themewagon.github.io/sensive/js/mail-script.js]
[themewagon.github.io/sensive/js/main.js]
[themewagon.github.io/sensive/index.html]
[themewagon.github.io/sensive/vendors/bootstrap/bootstrap.min.css]
[themewagon.github.io/sensive/vendors/fontawesome/webfonts/fa-brands-400d41d.eot]
[themewagon.github.io/sensive/vendors/fontawesome/webfonts/fa-brands-400.eot]
[themewagon.github.io/sensive/vendors/fontawesome/webfonts/fa-brands-400.woff2]
[themewagon.github.io/sensive/vendors/fontawesome/webfonts/fa-brands-400.woff]
[themewagon.github.io/sensive/vendors/fontawesome/webfonts/fa-brands-400.ttf]
[themewagon.github.io/sensive/vendors/fontawesome/webfonts/fa-brands-400.svg]
[themewagon.github.io/sensive/vendors/fontawesome/webfonts/fa-regular-400.eot]
[themewagon.github.io/sensive/vendors/fontawesome/webfonts/fa-regular-400d41d.eot]
[themewagon.github.io/sensive/vendors/fontawesome/webfonts/fa-regular-400.woff2]
[themewagon.github.io/sensive/vendors/fontawesome/webfonts/fa-regular-400.woff]
[themewagon.github.io/sensive/vendors/fontawesome/webfonts/fa-regular-400.ttf]
[themewagon.github.io/sensive/vendors/fontawesome/webfonts/fa-regular-400.svg]
[themewagon.github.io/sensive/vendors/fontawesome/webfonts/fa-solid-900.eot]
[themewagon.github.io/sensive/vendors/fontawesome/webfonts/fa-solid-900d41d.eot]
[themewagon.github.io/sensive/vendors/fontawesome/webfonts/fa-solid-900.woff2]
[themewagon.github.io/sensive/vendors/fontawesome/webfonts/fa-solid-900.woff]
[themewagon.github.io/sensive/vendors/fontawesome/webfonts/fa-solid-900.ttf]
[themewagon.github.io/sensive/vendors/fontawesome/webfonts/fa-solid-900.svg]
[themewagon.github.io/sensive/vendors/fontawesome/css/all.min.css]
[themewagon.github.io/sensive/vendors/themify-icons/fonts/themify9f24.eot]
[themewagon.github.io/sensive/vendors/themify-icons/fonts/themifyd41d.eot]
[themewagon.github.io/sensive/vendors/themify-icons/fonts/themify9f24.woff]
[themewagon.github.io/sensive/vendors/themify-icons/fonts/themify9f24.ttf]
[themewagon.github.io/sensive/vendors/themify-icons/themify-icons.css]
[themewagon.github.io/sensive/vendors/themify-icons/fonts/themify9f24.svg]
[themewagon.github.io/sensive/vendors/linericon/fonts/Linearicons-Free54e9.eot]
[themewagon.github.io/sensive/vendors/linericon/fonts/Linearicons-Freed41d.eot]
[themewagon.github.io/sensive/vendors/linericon/fonts/Linearicons-Free54e9.woff2]
[themewagon.github.io/sensive/vendors/linericon/fonts/Linearicons-Free54e9.woff]
[themewagon.github.io/sensive/vendors/linericon/fonts/Linearicons-Free54e9.ttf]
[themewagon.github.io/sensive/vendors/linericon/style.css]
[themewagon.github.io/sensive/vendors/owl-carousel/owl.theme.default.min.css]
[themewagon.github.io/sensive/vendors/linericon/fonts/Linearicons-Free54e9.svg]
[themewagon.github.io/sensive/vendors/owl-carousel/owl.video.play.png]
[themewagon.github.io/sensive/vendors/owl-carousel/owl.carousel.min.css]
[themewagon.github.io/sensive/img/banner/hero-banner.png]
[themewagon.github.io/sensive/css/style.css]
[themewagon.github.io/sensive/index-2.html]
[themewagon.github.io/sensive/img/blog/thumb/thumb-card1.png]
[themewagon.github.io/sensive/img/blog/thumb/thumb-card2.png]
[themewagon.github.io/sensive/img/blog/thumb/thumb-card3.png]
[themewagon.github.io/sensive/img/blog/thumb/thumb-card4.png]
[themewagon.github.io/sensive/img/blog/thumb/thumb-card5.png]
[themewagon.github.io/sensive/img/blog/thumb/thumb-card6.png]
[themewagon.github.io/sensive/img/blog/thumb/thumb-card7.png]
[themewagon.github.io/sensive/img/blog/thumb/thumb-card8.png]
[themewagon.github.io/sensive/archive.html]
[themewagon.github.io/sensive/category.html]
[themewagon.github.io/sensive/img/blog/user-img.png]
[themewagon.github.io/sensive/img/blog/prev.jpg]
[themewagon.github.io/sensive/img/blog/next.jpg]
[themewagon.github.io/sensive/img/blog/c1.jpg]
[themewagon.github.io/sensive/img/blog/c2.jpg]
[themewagon.github.io/sensive/img/blog/c3.jpg]
[themewagon.github.io/sensive/img/blog/c4.jpg]
[themewagon.github.io/sensive/img/blog/c5.jpg]
[themewagon.github.io/sensive/blog-details.html]
[themewagon.github.io/sensive/contact.html]
[themewagon.github.io/sensive/blog-single.html]
[themewagon.github.io/sensive/vendors/fontawesome/webfonts/fa-brands-400.html]
[themewagon.github.io/sensive/vendors/fontawesome/webfonts/fa-regular-400.html]
[themewagon.github.io/sensive/vendors/fontawesome/webfonts/fa-solid-900.html]
[themewagon.github.io/sensive/vendors/themify-icons/fonts/themify9f24.svg]
[themewagon.github.io/sensive/vendors/linericon/fonts/Linearicons-Free54e9.svg]
[themewagon.github.io/sensive/vendors/owl-carousel/owl.video.play.html]
